#
# There is insufficient memory for the Java Runtime Environment to continue.
# Native memory allocation (mmap) failed to map 132120576 bytes for G1 virtual space
# Possible reasons:
#   The system is out of physical RAM or swap space
#   The process is running with CompressedOops enabled, and the Java Heap may be blocking the growth of the native heap
# Possible solutions:
#   Reduce memory load on the system
#   Increase physical memory or swap space
#   Check if swap backing store is full
#   Decrease Java heap size (-Xmx/-Xms)
#   Decrease number of Java threads
#   Decrease Java thread stack sizes (-Xss)
#   Set larger code cache with -XX:ReservedCodeCacheSize=
#   JVM is running with Unscaled Compressed Oops mode in which the Java heap is
#     placed in the first 4GB address space. The Java Heap base address is the
#     maximum limit for the native heap growth. Please use -XX:HeapBaseMinAddress
#     to set the Java Heap base and to place the Java Heap above 4GB virtual address.
# This output file may be truncated or incomplete.
#
#  Out of Memory Error (os_windows.cpp:3469), pid=4764, tid=14796
#
# JRE version:  (17.0.1+12) (build )
# Java VM: OpenJDK 64-Bit Server VM (17.0.1+12, mixed mode, sharing, tiered, compressed oops, compressed class ptrs, g1 gc, windows-amd64)
# No core dump will be written. Minidumps are not enabled by default on client versions of Windows
#

---------------  S U M M A R Y ------------

Command Line: -Dfile.encoding=Cp1252 --module-path=C:\Users\kcire\eclipse-workspace\proyectoprogramacion\bin -XX:+ShowCodeDetailsInExceptionMessages -Djdk.module.main=proyectoprogramacion proyectoprogramacion/proyectoprogramacion.pruebado

Host: Intel(R) Core(TM) i5-10300H CPU @ 2.50GHz, 8 cores, 7G,  Windows 10 , 64 bit Build 22000 (10.0.22000.434)
Time: Wed Feb 16 05:01:39 2022 Hora est. Pacífico, Sudamérica elapsed time: 0.011944 seconds (0d 0h 0m 0s)

---------------  T H R E A D  ---------------

Current thread (0x000002169178ecd0):  JavaThread "Unknown thread" [_thread_in_vm, id=14796, stack(0x0000008126900000,0x0000008126a00000)]

Stack: [0x0000008126900000,0x0000008126a00000]
Native frames: (J=compiled Java code, j=interpreted, Vv=VM code, C=native code)
V  [jvm.dll+0x6744da]
V  [jvm.dll+0x82e144]
V  [jvm.dll+0x82f8ee]
V  [jvm.dll+0x82ff53]
V  [jvm.dll+0x245175]
V  [jvm.dll+0x6714c9]
V  [jvm.dll+0x665f92]
V  [jvm.dll+0x303c3b]
V  [jvm.dll+0x30b176]
V  [jvm.dll+0x35af1e]
V  [jvm.dll+0x35b14f]
V  [jvm.dll+0x2dab78]
V  [jvm.dll+0x2dbae4]
V  [jvm.dll+0x7ffdf1]
V  [jvm.dll+0x368c91]
V  [jvm.dll+0x7df2cc]
V  [jvm.dll+0x3eb59f]
V  [jvm.dll+0x3ed121]
C  [jli.dll+0x5277]
C  [ucrtbase.dll+0x26c0c]
C  [KERNEL32.DLL+0x154e0]
C  [ntdll.dll+0x485b]


---------------  P R O C E S S  ---------------

Threads class SMR info:
_java_thread_list=0x00007ffbfc6e4e58, length=0, elements={
}

Java Threads: ( => current thread )

Other Threads:
  0x00000216917cec10 GCTaskThread "GC Thread#0" [stack: 0x0000008126a00000,0x0000008126b00000] [id=15036]
  0x00000216917df650 ConcurrentGCThread "G1 Main Marker" [stack: 0x0000008126b00000,0x0000008126c00000] [id=6400]
  0x00000216917e0800 ConcurrentGCThread "G1 Conc#0" [stack: 0x0000008126c00000,0x0000008126d00000] [id=13560]

[error occurred during error reporting (printing all threads), id 0xc0000005, EXCEPTION_ACCESS_VIOLATION (0xc0000005) at pc=0x00007ffbfbebb5f7]

VM state: not at safepoint (not fully initialized)

VM Mutex/Monitor currently owned by a thread:  ([mutex/lock_event])
[0x000002169178a350] Heap_lock - owner thread: 0x000002169178ecd0

Heap address: 0x0000000082800000, size: 2008 MB, Compressed Oops mode: 32-bit

CDS archive(s) mapped at: [0x0000000000000000-0x0000000000000000-0x0000000000000000), size 0, SharedBaseAddress: 0x0000000800000000, ArchiveRelocationMode: 0.
Narrow klass base: 0x0000000000000000, Narrow klass shift: 0, Narrow klass range: 0x0

GC Precious Log:
<Empty>

Heap:
 garbage-first heap   total 0K, used 0K [0x0000000082800000, 0x0000000100000000)
  region size 1024K, 0 young (0K), 0 survivors (0K)

[error occurred during error reporting (printing heap information), id 0xc0000005, EXCEPTION_ACCESS_VIOLATION (0xc0000005) at pc=0x00007ffbfc29d729]

GC Heap History (0 events):
No events

Deoptimization events (0 events):
No events

Classes unloaded (0 events):
No events

Classes redefined (0 events):
No events

Internal exceptions (0 events):
No events

VM Operations (0 events):
No events

Events (1 events):
Event: 0.006 Loaded shared library C:\Users\kcire\Downloads\eclipse\plugins\org.eclipse.justj.openjdk.hotspot.jre.full.win32.x86_64_17.0.1.v20211116-1657\jre\bin\java.dll


Dynamic libraries:
0x00007ff6c9100000 - 0x00007ff6c910e000 	C:\Users\kcire\Downloads\eclipse\plugins\org.eclipse.justj.openjdk.hotspot.jre.full.win32.x86_64_17.0.1.v20211116-1657\jre\bin\javaw.exe
0x00007ffc56700000 - 0x00007ffc56909000 	C:\WINDOWS\SYSTEM32\ntdll.dll
0x00007ffc55660000 - 0x00007ffc5571d000 	C:\WINDOWS\System32\KERNEL32.DLL
0x00007ffc53d50000 - 0x00007ffc540c4000 	C:\WINDOWS\System32\KERNELBASE.dll
0x00007ffc54480000 - 0x00007ffc54591000 	C:\WINDOWS\System32\ucrtbase.dll
0x00007ffc41ac0000 - 0x00007ffc41ad8000 	C:\Users\kcire\Downloads\eclipse\plugins\org.eclipse.justj.openjdk.hotspot.jre.full.win32.x86_64_17.0.1.v20211116-1657\jre\bin\jli.dll
0x00007ffc55d00000 - 0x00007ffc55eac000 	C:\WINDOWS\System32\USER32.dll
0x00007ffc542e0000 - 0x00007ffc54306000 	C:\WINDOWS\System32\win32u.dll
0x00007ffc54830000 - 0x00007ffc54859000 	C:\WINDOWS\System32\GDI32.dll
0x00007ffc540d0000 - 0x00007ffc541e2000 	C:\WINDOWS\System32\gdi32full.dll
0x00007ffc53bf0000 - 0x00007ffc53c8d000 	C:\WINDOWS\System32\msvcp_win.dll
0x00007ffc42660000 - 0x00007ffc42679000 	C:\Users\kcire\Downloads\eclipse\plugins\org.eclipse.justj.openjdk.hotspot.jre.full.win32.x86_64_17.0.1.v20211116-1657\jre\bin\VCRUNTIME140.dll
0x00007ffc3c1c0000 - 0x00007ffc3c465000 	C:\WINDOWS\WinSxS\amd64_microsoft.windows.common-controls_6595b64144ccf1df_6.0.22000.120_none_9d947278b86cc467\COMCTL32.dll
0x00007ffc55790000 - 0x00007ffc55833000 	C:\WINDOWS\System32\msvcrt.dll
0x00007ffc54860000 - 0x00007ffc54891000 	C:\WINDOWS\System32\IMM32.DLL
0x00007ffc50e20000 - 0x00007ffc50e2c000 	C:\Users\kcire\Downloads\eclipse\plugins\org.eclipse.justj.openjdk.hotspot.jre.full.win32.x86_64_17.0.1.v20211116-1657\jre\bin\vcruntime140_1.dll
0x00007ffc267a0000 - 0x00007ffc26831000 	C:\Users\kcire\Downloads\eclipse\plugins\org.eclipse.justj.openjdk.hotspot.jre.full.win32.x86_64_17.0.1.v20211116-1657\jre\bin\msvcp140.dll
0x00007ffbfbbd0000 - 0x00007ffbfc816000 	C:\Users\kcire\Downloads\eclipse\plugins\org.eclipse.justj.openjdk.hotspot.jre.full.win32.x86_64_17.0.1.v20211116-1657\jre\bin\server\jvm.dll
0x00007ffc545c0000 - 0x00007ffc5466e000 	C:\WINDOWS\System32\ADVAPI32.dll
0x00007ffc54790000 - 0x00007ffc5482e000 	C:\WINDOWS\System32\sechost.dll
0x00007ffc55530000 - 0x00007ffc55650000 	C:\WINDOWS\System32\RPCRT4.dll
0x00007ffc549c0000 - 0x00007ffc549c8000 	C:\WINDOWS\System32\PSAPI.DLL
0x00007ffc3eca0000 - 0x00007ffc3eca9000 	C:\WINDOWS\SYSTEM32\WSOCK32.dll
0x00007ffc55b10000 - 0x00007ffc55b7f000 	C:\WINDOWS\System32\WS2_32.dll
0x00007ffc4e500000 - 0x00007ffc4e533000 	C:\WINDOWS\SYSTEM32\WINMM.dll
0x00007ffc4d430000 - 0x00007ffc4d43a000 	C:\WINDOWS\SYSTEM32\VERSION.dll
0x00007ffc52de0000 - 0x00007ffc52df8000 	C:\WINDOWS\SYSTEM32\kernel.appcore.dll
0x00007ffc4f5c0000 - 0x00007ffc4f5ca000 	C:\Users\kcire\Downloads\eclipse\plugins\org.eclipse.justj.openjdk.hotspot.jre.full.win32.x86_64_17.0.1.v20211116-1657\jre\bin\jimage.dll
0x00007ffc51760000 - 0x00007ffc51981000 	C:\WINDOWS\SYSTEM32\DBGHELP.DLL
0x00007ffc3adc0000 - 0x00007ffc3adf1000 	C:\WINDOWS\SYSTEM32\dbgcore.DLL
0x00007ffc541f0000 - 0x00007ffc5426f000 	C:\WINDOWS\System32\bcryptPrimitives.dll
0x00007ffc47d00000 - 0x00007ffc47d25000 	C:\Users\kcire\Downloads\eclipse\plugins\org.eclipse.justj.openjdk.hotspot.jre.full.win32.x86_64_17.0.1.v20211116-1657\jre\bin\java.dll

dbghelp: loaded successfully - version: 4.0.5 - missing functions: none
symbol engine: initialized successfully - sym options: 0x614 - pdb path: .;C:\Users\kcire\Downloads\eclipse\plugins\org.eclipse.justj.openjdk.hotspot.jre.full.win32.x86_64_17.0.1.v20211116-1657\jre\bin;C:\WINDOWS\SYSTEM32;C:\WINDOWS\WinSxS\amd64_microsoft.windows.common-controls_6595b64144ccf1df_6.0.22000.120_none_9d947278b86cc467;C:\Users\kcire\Downloads\eclipse\plugins\org.eclipse.justj.openjdk.hotspot.jre.full.win32.x86_64_17.0.1.v20211116-1657\jre\bin\server

VM Arguments:
jvm_args: -Dfile.encoding=Cp1252 --module-path=C:\Users\kcire\eclipse-workspace\proyectoprogramacion\bin -XX:+ShowCodeDetailsInExceptionMessages -Djdk.module.main=proyectoprogramacion 
java_command: proyectoprogramacion/proyectoprogramacion.pruebado
java_class_path (initial): <not set>
Launcher Type: SUN_STANDARD

[Global flags]
     intx CICompilerCount                          = 4                                         {product} {ergonomic}
     uint ConcGCThreads                            = 2                                         {product} {ergonomic}
     uint G1ConcRefinementThreads                  = 8                                         {product} {ergonomic}
   size_t G1HeapRegionSize                         = 1048576                                   {product} {ergonomic}
    uintx GCDrainStackTargetSize                   = 64                                        {product} {ergonomic}
   size_t InitialHeapSize                          = 132120576                                 {product} {ergonomic}
   size_t MarkStackSize                            = 4194304                                   {product} {ergonomic}
   size_t MaxHeapSize                              = 2105540608                                {product} {ergonomic}
   size_t MinHeapDeltaBytes                        = 1048576                                   {product} {ergonomic}
   size_t MinHeapSize                              = 8388608                                   {product} {ergonomic}
    uintx NonNMethodCodeHeapSize                   = 5839372                                {pd product} {ergonomic}
    uintx NonProfiledCodeHeapSize                  = 122909434                              {pd product} {ergonomic}
    uintx ProfiledCodeHeapSize                     = 122909434                              {pd product} {ergonomic}
    uintx ReservedCodeCacheSize                    = 251658240                              {pd product} {ergonomic}
     bool SegmentedCodeCache                       = true                                      {product} {ergonomic}
     bool ShowCodeDetailsInExceptionMessages       = true                                   {manageable} {command line}
   size_t SoftMaxHeapSize                          = 2105540608                             {manageable} {ergonomic}
     bool UseCompressedClassPointers               = true                           {product lp64_product} {ergonomic}
     bool UseCompressedOops                        = true                           {product lp64_product} {ergonomic}
     bool UseG1GC                                  = true                                      {product} {ergonomic}
     bool UseLargePagesIndividualAllocation        = false                                  {pd product} {ergonomic}

Logging:
Log output configuration:
 #0: stdout all=warning uptime,level,tags
 #1: stderr all=off uptime,level,tags

Environment Variables:
PATH=C:/Users/kcire/Downloads/eclipse//plugins/org.eclipse.justj.openjdk.hotspot.jre.full.win32.x86_64_17.0.1.v20211116-1657/jre/bin/server;C:/Users/kcire/Downloads/eclipse//plugins/org.eclipse.justj.openjdk.hotspot.jre.full.win32.x86_64_17.0.1.v20211116-1657/jre/bin;C:\Program Files\Common Files\Oracle\Java\javapath;C:\Windows\system32;C:\Windows;C:\Windows\System32\Wbem;C:\Windows\System32\WindowsPowerShell\v1.0\;C:\Windows\System32\OpenSSH\;C:\Program Files (x86)\NVIDIA Corporation\PhysX\Common;C:\WINDOWS\system32;C:\WINDOWS;C:\WINDOWS\System32\Wbem;C:\WINDOWS\System32\WindowsPowerShell\v1.0\;C:\WINDOWS\System32\OpenSSH\;C:\Program Files\Java\jdk-17.0.1\bin;C:\Program Files\dotnet\;C:\Users\kcire\AppData\Local\Programs\Python\Python310\Scripts\;C:\Users\kcire\AppData\Local\Programs\Python\Python310\;C:\Python310\Scripts\;C:\Python310\;C:\Users\kcire\AppData\Local\Microsoft\WindowsApps;;C:\Users\kcire\AppData\Local\Programs\Microsoft VS Code\bin;C:\Users\kcire\Downloads\eclipse;
USERNAME=kcire
OS=Windows_NT
PROCESSOR_IDENTIFIER=Intel64 Family 6 Model 165 Stepping 2, GenuineIntel



---------------  S Y S T E M  ---------------

OS:
 Windows 10 , 64 bit Build 22000 (10.0.22000.434)
OS uptime: 0 days 18:16 hours

CPU: total 8 (initial active 8) (4 cores per cpu, 2 threads per core) family 6 model 165 stepping 2 microcode 0xe0, cx8, cmov, fxsr, ht, mmx, 3dnowpref, sse, sse2, sse3, ssse3, sse4.1, sse4.2, popcnt, lzcnt, tsc, tscinvbit, avx, avx2, aes, erms, clmul, bmi1, bmi2, adx, fma, vzeroupper, clflush, clflushopt

Memory: 4k page, system-wide physical 8029M (695M free)
TotalPageFile size 24846M (AvailPageFile size 52M)
current process WorkingSet (physical memory assigned to process): 10M, peak: 10M
current process commit charge ("private bytes"): 60M, peak: 185M

vm_info: OpenJDK 64-Bit Server VM (17.0.1+12) for windows-amd64 JRE (17.0.1+12), built on Oct 20 2021 07:42:55 by "" with MS VC++ 16.7 (VS2019)

END.
